Index | Passes | MD5 | Size (bytes)
1 | none | 579d5c0cdec895c16d9d3672932e5b96 | 3791272
2 | fla | FAILED | -
3 | bcf | dee47da7dc2dbaeaca68bbf1a78a9bf1 | 4610472
4 | fla,bcf | FAILED | -
5 | sub | 9ce641ace7b86eb5e84d07a611d0cdfa | 3856808
6 | fla,sub | FAILED | -
7 | bcf,sub | 0f2ce62367c2221b0d875abe1df567c8 | 4962728
8 | fla,bcf,sub | FAILED | -
9 | alias | 44c76298010879500afdc4662050f6b3 | 4221352
10 | fla,alias | FAILED | -
11 | bcf,alias | ddcba0988a950606679e442c3d51bac4 | 5269928
12 | fla,bcf,alias | FAILED | -
13 | sub,alias | 77bfe1668764366bceedb9d28db2d06d | 4274600
14 | fla,sub,alias | FAILED | -
15 | bcf,sub,alias | d60201326fed705332eb514fdb0f551b | 5536168
16 | fla,bcf,sub,alias | FAILED | -
17 | indcall | 324713f94579a5cf69ca11022ee5e988 | 3830768
18 | fla,indcall | FAILED | -
19 | bcf,indcall | 092942fc84946087fa191f11a1a307d6 | 4666896
20 | fla,bcf,indcall | FAILED | -
21 | sub,indcall | 881f83e7bb5e6eb3dc9ad19eb0f8df53 | 3896304
22 | fla,sub,indcall | FAILED | -
23 | bcf,sub,indcall | 2ce2151ce6fad6f9ac8a721d70386420 | 5031992
24 | fla,bcf,sub,indcall | FAILED | -
25 | alias,indcall | 7fa9c927bdfc0c06dcc93b84f442094b | 5213424
26 | fla,alias,indcall | FAILED | -
27 | bcf,alias,indcall | 5958385381e39a1c32c61549a278e697 | 7050000
28 | fla,bcf,alias,indcall | FAILED | -
29 | sub,alias,indcall | ab7676ae93dc03a01a633fba2ab3fd5d | 5293912
30 | fla,sub,alias,indcall | FAILED | -
31 | bcf,sub,alias,indcall | 130498605ef70142ea1328fdbadf7a78 | 7379952
32 | fla,bcf,sub,alias,indcall | FAILED | -
33 | indbr | 0677330c6557b532e14a99f1097bc5a8 | 4245936
34 | fla,indbr | FAILED | -
35 | bcf,indbr | ffe40064e6a90be65a1373e933c31af4 | 6476944
36 | fla,bcf,indbr | FAILED | -
37 | sub,indbr | 32ed07e802631cfd99256440f5055760 | 4311472
38 | fla,sub,indbr | FAILED | -
39 | bcf,sub,indbr | 8b64d2a2e80364244ec5f50349f8a529 | 6502656
40 | fla,bcf,sub,indbr | FAILED | -
41 | alias,indbr | c8a160308240947f33abdbf5bdf234be | 4663728
42 | fla,alias,indbr | FAILED | -
43 | bcf,alias,indbr | 3e9078933a3912807eaa000032d9dad1 | 7048880
44 | fla,bcf,alias,indbr | FAILED | -
45 | sub,alias,indbr | 2700eb32e309def2ef4e4c4355e622bd | 4733360
46 | fla,sub,alias,indbr | FAILED | -
47 | bcf,sub,alias,indbr | b89bb660d52e005598ced9da84523c5b | 7080656
48 | fla,bcf,sub,alias,indbr | FAILED | -
49 | indcall,indbr | 65cf1f6d5bedc8d4ec3f785e9d35804b | 4281592
50 | fla,indcall,indbr | FAILED | -
51 | bcf,indcall,indbr | 56ac60e65cd953cfc6772a5c3777839a | 6533584
52 | fla,bcf,indcall,indbr | FAILED | -
53 | sub,indcall,indbr | e70e91261191087358831e216bedcb53 | 4347128
54 | fla,sub,indcall,indbr | FAILED | -
55 | bcf,sub,indcall,indbr | 12d5ca95feffc5b3f078100a190630ef | 6552576
56 | fla,bcf,sub,indcall,indbr | FAILED | -
57 | alias,indcall,indbr | 313e7368032d62276a7e7a6b2c73d8a9 | 5686872
58 | fla,alias,indcall,indbr | FAILED | -
59 | bcf,alias,indcall,indbr | 4ac12921736bdb93745464741fe92f3d | 8830608
60 | fla,bcf,alias,indcall,indbr | FAILED | -
61 | sub,alias,indcall,indbr | 0d17142a1196accece62a8b371e593a0 | 5781672
62 | fla,sub,alias,indcall,indbr | FAILED | -
63 | bcf,sub,alias,indcall,indbr | 8312aaf200b729be418941515edac24f | 8947600
64 | fla,bcf,sub,alias,indcall,indbr | FAILED | -
